0 verbose cli C:\Program Files\nodejs\node.exe C:\Users\Aviv\AppData\Roaming\npm\node_modules\npm\bin\npm-cli.js
1 info using npm@10.1.0
2 info using node@v18.18.0
3 timing npm:load:whichnode Completed in 2ms
4 timing config:load:defaults Completed in 2ms
5 timing config:load:file:C:\Users\Aviv\AppData\Roaming\npm\node_modules\npm\npmrc Completed in 4ms
6 timing config:load:builtin Completed in 4ms
7 timing config:load:cli Completed in 3ms
8 timing config:load:env Completed in 1ms
9 timing config:load:file:C:\Users\Aviv\Documents\PSWE\vandy-ice-hockey\.npmrc Completed in 0ms
10 timing config:load:project Completed in 2ms
11 timing config:load:file:C:\Users\Aviv\.npmrc Completed in 0ms
12 timing config:load:user Completed in 0ms
13 timing config:load:file:C:\Users\Aviv\AppData\Roaming\npm\etc\npmrc Completed in 0ms
14 timing config:load:global Completed in 0ms
15 timing config:load:setEnvs Completed in 1ms
16 timing config:load Completed in 14ms
17 timing npm:load:configload Completed in 15ms
18 timing config:load:flatten Completed in 3ms
19 timing npm:load:mkdirpcache Completed in 1ms
20 timing npm:load:mkdirplogs Completed in 0ms
21 verbose title npm ERR! command C:Program Filesnodejsnode.exe C:UsersAvivAppDataRoamingnpmnode_modulesnpmbinnpm-cli.js install
22 verbose argv "ERR!" "command" "C:Program" "Filesnodejsnode.exe" "C:UsersAvivAppDataRoamingnpmnode_modulesnpmbinnpm-cli.js" "install" "--force" "--cache" "C:UsersAvivAppDataLocalnpm-cache" "--prefer-offline" "false" "--prefer-online" "false" "--offline" "false" "--no-progress" "--no-save" "--no-audit" "--include" "dev" "--include" "peer" "--include" "optional" "--no-package-lock-only" "--no-dry-run"
23 timing npm:load:setTitle Completed in 2ms
24 timing npm:load:display Completed in 1ms
25 verbose logfile logs-max:10 dir:C:\Users\Aviv\Documents\PSWE\vandy-ice-hockey\UsersAvivAppDataLocalnpm-cache\_logs\2023-10-15T15_50_44_724Z-
26 verbose logfile C:\Users\Aviv\Documents\PSWE\vandy-ice-hockey\UsersAvivAppDataLocalnpm-cache\_logs\2023-10-15T15_50_44_724Z-debug-0.log
27 timing npm:load:logFile Completed in 34ms
28 timing npm:load:timers Completed in 1ms
29 timing npm:load:configScope Completed in 0ms
30 warn using --force Recommended protections disabled.
31 timing npm:load Completed in 87ms
32 verbose exit 1
33 timing npm Completed in 157ms
34 verbose code 1
